<?xml version="1.0" encoding="UTF-8"?>
<testng-results ignored="0" total="2" passed="2" failed="0" skipped="0">
  <reporter-output>
  </reporter-output>
  <suite started-at="2026-03-25T14:33:13 IST" name="Default suite" finished-at="2026-03-25T14:33:41 IST" duration-ms="28266">
    <groups>
    </groups>
    <test started-at="2026-03-25T14:33:13 IST" name="Default test" finished-at="2026-03-25T14:33:41 IST" duration-ms="28266">
      <class name="demo.capturescreenshot">
        <test-method signature="screenshot()[pri:0, instance:demo.capturescreenshot@62379589]" started-at="2026-03-25T14:33:13 IST" name="screenshot" finished-at="2026-03-25T14:33:27 IST" duration-ms="14201" status="PASS">
          <reporter-output>
          </reporter-output>
        </test-method> <!-- screenshot -->
        <test-method signature="screenshot()[pri:0, instance:demo.capturescreenshot@62379589]" started-at="2026-03-25T14:33:27 IST" name="screenshot" finished-at="2026-03-25T14:33:41 IST" duration-ms="14025" status="PASS">
          <reporter-output>
          </reporter-output>
        </test-method> <!-- screenshot -->
      </class> <!-- demo.capturescreenshot -->
    </test> <!-- Default test -->
  </suite> <!-- Default suite -->
</testng-results>
