<?xml version="1.0" encoding="UTF-8"?>
<!-- Generated by org.testng.reporters.JUnitReportReporter -->
<testsuite hostname="LAKSHMIPRIYA" failures="0" tests="1" name="demo.practicebaseclass" time="35.346" errors="0" timestamp="2026-03-25T08:09:50 IST" skipped="0">
  <testcase classname="demo.practicebaseclass" name="testMethod" time="35.346"/>
  <system-out>
    <![CDATA[----Exceuting Before Suite----
----Exceuting Before Class----
----launching browser----
---login---
----Exceuting After Method----
----Exceuting After Class----
----Exceuting After Test----
----Exceuting After Suite----]]>
  </system-out>
</testsuite> <!-- demo.practicebaseclass -->
